<?xml version='1.0' encoding='UTF-8'?>
<dataset>
    <ARTIFACT GROUP_ID="com.example" ARTIFACT_ID="example-project" VERSION="1.0"/>
    <ARTIFACT GROUP_ID="com.example" ARTIFACT_ID="example-project" VERSION="1.1"/>
    <ARTIFACT GROUP_ID="com.example" ARTIFACT_ID="funky-example-project" VERSION="1.0-SNAPSHOT"/>
</dataset>